## SLURM PROLOG ###############################################################
##    Job ID : 3609056
##  Job Name : lfp_grid_sim
##  Nodelist : node2304
##      CPUs : 
##  Mem/Node : 16384 MB
## Directory : /oscar/data/tdesroch/dbuyukya/AidaCarneyProject
##   Job Started : Wed Jul  1 03:09:20 PM EDT 2026
###############################################################################
[1/1] configuration=22 degree=1 lowpass=35.0
config=22 trial=4 status=success reached=14.05/14.05s runtime=54.8s
config=22 trial=1088 status=success reached=14.16/14.16s runtime=42.3s
config=22 trial=622 status=success reached=14.16/14.16s runtime=39.7s
config=22 trial=620 status=success reached=14.16/14.16s runtime=52.5s
config=22 trial=2 status=success reached=14.16/14.16s runtime=38.3s
config=22 trial=3 status=success reached=14.16/14.16s runtime=33.8s
config=22 trial=1244 status=success reached=14.05/14.05s runtime=49.6s
config=22 trial=778 status=success reached=14.16/14.16s runtime=44.4s
config=22 trial=312 status=success reached=14.16/14.16s runtime=43.3s
saved: /oscar/data/tdesroch/dbuyukya/AidaCarneyProject/outputs/pysindy/raw_grid/simulations/config_0022_summary.json
