## SLURM PROLOG ###############################################################
##    Job ID : 3609057
##  Job Name : lfp_grid_sim
##  Nodelist : node2304
##      CPUs : 
##  Mem/Node : 16384 MB
## Directory : /oscar/data/tdesroch/dbuyukya/AidaCarneyProject
##   Job Started : Wed Jul  1 03:09:20 PM EDT 2026
###############################################################################
[1/1] configuration=23 degree=1 lowpass=35.0
config=23 trial=4 status=success reached=14.05/14.05s runtime=54.7s
config=23 trial=1088 status=success reached=14.16/14.16s runtime=43.5s
config=23 trial=622 status=success reached=14.16/14.16s runtime=38.7s
config=23 trial=620 status=success reached=14.16/14.16s runtime=52.1s
config=23 trial=2 status=success reached=14.16/14.16s runtime=39.0s
config=23 trial=3 status=success reached=14.16/14.16s runtime=37.0s
config=23 trial=1244 status=success reached=14.05/14.05s runtime=50.1s
config=23 trial=778 status=success reached=14.16/14.16s runtime=44.9s
config=23 trial=312 status=success reached=14.16/14.16s runtime=40.9s
saved: /oscar/data/tdesroch/dbuyukya/AidaCarneyProject/outputs/pysindy/raw_grid/simulations/config_0023_summary.json
