## SLURM PROLOG ###############################################################
##    Job ID : 3609069
##  Job Name : lfp_grid_sim
##  Nodelist : node2307
##      CPUs : 
##  Mem/Node : 16384 MB
## Directory : /oscar/data/tdesroch/dbuyukya/AidaCarneyProject
##   Job Started : Wed Jul  1 03:11:20 PM EDT 2026
###############################################################################
[1/1] configuration=31 degree=1 lowpass=35.0
config=31 trial=4 status=success reached=14.03/14.03s runtime=92.2s
config=31 trial=1088 status=success reached=14.14/14.14s runtime=62.5s
config=31 trial=622 status=success reached=14.14/14.14s runtime=87.2s
config=31 trial=620 status=success reached=14.14/14.14s runtime=67.8s
config=31 trial=2 status=success reached=14.14/14.14s runtime=53.7s
config=31 trial=3 status=success reached=14.14/14.14s runtime=78.1s
config=31 trial=1244 status=success reached=14.03/14.03s runtime=76.9s
config=31 trial=778 status=success reached=14.14/14.14s runtime=60.8s
config=31 trial=312 status=success reached=14.14/14.14s runtime=53.3s
saved: /oscar/data/tdesroch/dbuyukya/AidaCarneyProject/outputs/pysindy/raw_grid/simulations/config_0031_summary.json
