## SLURM PROLOG ###############################################################
##    Job ID : 3609105
##  Job Name : lfp_grid_sim
##  Nodelist : node2342
##      CPUs : 
##  Mem/Node : 16384 MB
## Directory : /oscar/data/tdesroch/dbuyukya/AidaCarneyProject
##   Job Started : Wed Jul  1 03:17:22 PM EDT 2026
###############################################################################
[1/1] configuration=47 degree=2 lowpass=35.0
config=47 trial=4 status=success reached=14.08/14.08s runtime=50.3s
config=47 trial=1088 status=success reached=14.19/14.19s runtime=50.0s
config=47 trial=622 status=success reached=14.18/14.18s runtime=43.8s
config=47 trial=620 status=success reached=14.18/14.18s runtime=63.1s
config=47 trial=2 status=success reached=14.18/14.18s runtime=41.7s
config=47 trial=3 status=success reached=14.18/14.18s runtime=42.3s
config=47 trial=1244 status=success reached=14.08/14.08s runtime=45.0s
config=47 trial=778 status=success reached=14.18/14.18s runtime=52.4s
config=47 trial=312 status=success reached=14.18/14.18s runtime=45.7s
saved: /oscar/data/tdesroch/dbuyukya/AidaCarneyProject/outputs/pysindy/raw_grid/simulations/config_0047_summary.json
