## SLURM PROLOG ###############################################################
##    Job ID : 3609030
##  Job Name : lfp_grid_sim
##  Nodelist : node2351
##      CPUs : 
##  Mem/Node : 16384 MB
## Directory : /oscar/data/tdesroch/dbuyukya/AidaCarneyProject
##   Job Started : Wed Jul  1 03:06:49 PM EDT 2026
###############################################################################
[1/1] configuration=3 degree=1 lowpass=35.0
config=3 trial=4 status=success reached=14.08/14.08s runtime=7.4s
config=3 trial=1088 status=success reached=14.20/14.20s runtime=7.8s
config=3 trial=622 status=success reached=14.19/14.19s runtime=7.8s
config=3 trial=620 status=success reached=14.19/14.19s runtime=7.5s
config=3 trial=2 status=success reached=14.19/14.19s runtime=7.8s
config=3 trial=3 status=success reached=14.19/14.19s runtime=7.9s
config=3 trial=1244 status=success reached=14.08/14.08s runtime=7.9s
config=3 trial=778 status=success reached=14.19/14.19s runtime=7.7s
config=3 trial=312 status=success reached=14.19/14.19s runtime=7.6s
saved: /oscar/data/tdesroch/dbuyukya/AidaCarneyProject/outputs/pysindy/raw_grid/simulations/config_0003_summary.json
