## SLURM PROLOG ###############################################################
##    Job ID : 3590734
##  Job Name : lfp_raw_grid
##  Nodelist : node2337
##      CPUs : 
##  Mem/Node : 16384 MB
## Directory : /oscar/data/tdesroch/dbuyukya/AidaCarneyProject
##   Job Started : Wed Jul  1 12:43:11 AM EDT 2026
###############################################################################
[1/36] status=success lowpass=80.0 degree=3 delays=2 delay=1 smooth=0 terms=20 runtime=0.8s
[2/36] status=success lowpass=80.0 degree=3 delays=2 delay=1 smooth=5 terms=20 runtime=0.2s
[3/36] status=success lowpass=80.0 degree=3 delays=2 delay=1 smooth=9 terms=20 runtime=0.2s
[4/36] status=success lowpass=80.0 degree=3 delays=2 delay=2 smooth=0 terms=20 runtime=0.2s
[5/36] status=success lowpass=80.0 degree=3 delays=2 delay=2 smooth=5 terms=20 runtime=0.2s
[6/36] status=success lowpass=80.0 degree=3 delays=2 delay=2 smooth=9 terms=20 runtime=0.2s
[7/36] status=success lowpass=80.0 degree=3 delays=2 delay=5 smooth=0 terms=20 runtime=0.2s
[8/36] status=success lowpass=80.0 degree=3 delays=2 delay=5 smooth=5 terms=20 runtime=0.2s
[9/36] status=success lowpass=80.0 degree=3 delays=2 delay=5 smooth=9 terms=20 runtime=0.2s
[10/36] status=success lowpass=80.0 degree=3 delays=4 delay=1 smooth=0 terms=140 runtime=1.7s
[11/36] status=success lowpass=80.0 degree=3 delays=4 delay=1 smooth=5 terms=140 runtime=1.4s
[12/36] status=success lowpass=80.0 degree=3 delays=4 delay=1 smooth=9 terms=140 runtime=1.5s
[13/36] status=success lowpass=80.0 degree=3 delays=4 delay=2 smooth=0 terms=140 runtime=1.4s
[14/36] status=success lowpass=80.0 degree=3 delays=4 delay=2 smooth=5 terms=140 runtime=1.4s
[15/36] status=success lowpass=80.0 degree=3 delays=4 delay=2 smooth=9 terms=140 runtime=1.4s
[16/36] status=success lowpass=80.0 degree=3 delays=4 delay=5 smooth=0 terms=140 runtime=1.5s
[17/36] status=success lowpass=80.0 degree=3 delays=4 delay=5 smooth=5 terms=140 runtime=1.4s
[18/36] status=success lowpass=80.0 degree=3 delays=4 delay=5 smooth=9 terms=140 runtime=1.3s
[19/36] status=success lowpass=80.0 degree=3 delays=6 delay=1 smooth=0 terms=504 runtime=10.2s
[20/36] status=success lowpass=80.0 degree=3 delays=6 delay=1 smooth=5 terms=504 runtime=10.6s
[21/36] status=success lowpass=80.0 degree=3 delays=6 delay=1 smooth=9 terms=504 runtime=10.2s
[22/36] status=success lowpass=80.0 degree=3 delays=6 delay=2 smooth=0 terms=504 runtime=10.2s
[23/36] status=success lowpass=80.0 degree=3 delays=6 delay=2 smooth=5 terms=504 runtime=10.0s
[24/36] status=success lowpass=80.0 degree=3 delays=6 delay=2 smooth=9 terms=504 runtime=9.1s
[25/36] status=success lowpass=80.0 degree=3 delays=6 delay=5 smooth=0 terms=504 runtime=9.0s
[26/36] status=success lowpass=80.0 degree=3 delays=6 delay=5 smooth=5 terms=504 runtime=8.8s
[27/36] status=success lowpass=80.0 degree=3 delays=6 delay=5 smooth=9 terms=504 runtime=8.5s
[28/36] status=success lowpass=80.0 degree=3 delays=8 delay=1 smooth=0 terms=1320 runtime=25.6s
[29/36] status=success lowpass=80.0 degree=3 delays=8 delay=1 smooth=5 terms=1320 runtime=27.3s
[30/36] status=success lowpass=80.0 degree=3 delays=8 delay=1 smooth=9 terms=1320 runtime=25.6s
[31/36] status=success lowpass=80.0 degree=3 delays=8 delay=2 smooth=0 terms=1320 runtime=28.4s
[32/36] status=success lowpass=80.0 degree=3 delays=8 delay=2 smooth=5 terms=1320 runtime=37.3s
[33/36] status=success lowpass=80.0 degree=3 delays=8 delay=2 smooth=9 terms=1320 runtime=31.4s
[34/36] status=success lowpass=80.0 degree=3 delays=8 delay=5 smooth=0 terms=1320 runtime=28.4s
[35/36] status=success lowpass=80.0 degree=3 delays=8 delay=5 smooth=5 terms=1320 runtime=25.6s
[36/36] status=success lowpass=80.0 degree=3 delays=8 delay=5 smooth=9 terms=1320 runtime=24.2s
saved: outputs/pysindy/raw_grid/parts/part_lp80_degree3.csv
saved: outputs/pysindy/raw_grid/parts/part_lp80_degree3_equations.txt
saved: outputs/pysindy/raw_grid/parts/part_lp80_degree3_metadata.json
successful fits: 36/36
