## SLURM PROLOG ###############################################################
##    Job ID : 3609203
##  Job Name : lfp_grid_sim
##  Nodelist : node2342
##      CPUs : 
##  Mem/Node : 16384 MB
## Directory : /oscar/data/tdesroch/dbuyukya/AidaCarneyProject
##   Job Started : Wed Jul  1 03:27:56 PM EDT 2026
###############################################################################
[1/1] configuration=76 degree=3 lowpass=35.0
config=76 trial=4 status=success reached=14.08/14.08s runtime=22.7s
config=76 trial=1088 status=success reached=14.19/14.19s runtime=29.9s
config=76 trial=622 status=success reached=14.19/14.19s runtime=29.6s
config=76 trial=620 status=success reached=14.19/14.19s runtime=21.5s
config=76 trial=2 status=success reached=14.19/14.19s runtime=30.8s
config=76 trial=3 status=success reached=14.19/14.19s runtime=28.2s
config=76 trial=1244 status=success reached=14.08/14.08s runtime=27.8s
config=76 trial=778 status=success reached=14.19/14.19s runtime=26.6s
config=76 trial=312 status=success reached=14.19/14.19s runtime=26.2s
saved: /oscar/data/tdesroch/dbuyukya/AidaCarneyProject/outputs/pysindy/raw_grid/simulations/config_0076_summary.json
