## SLURM PROLOG ###############################################################
##    Job ID : 3609108
##  Job Name : lfp_grid_sim
##  Nodelist : node2305
##      CPUs : 
##  Mem/Node : 16384 MB
## Directory : /oscar/data/tdesroch/dbuyukya/AidaCarneyProject
##   Job Started : Wed Jul  1 03:17:24 PM EDT 2026
###############################################################################
[1/1] configuration=50 degree=2 lowpass=35.0
config=50 trial=4 status=success reached=14.06/14.06s runtime=86.1s
config=50 trial=1088 status=success reached=14.18/14.18s runtime=57.6s
config=50 trial=622 status=success reached=14.17/14.17s runtime=64.4s
config=50 trial=620 status=success reached=14.17/14.17s runtime=79.2s
config=50 trial=2 status=success reached=14.17/14.17s runtime=61.5s
config=50 trial=3 status=success reached=14.17/14.17s runtime=57.4s
config=50 trial=1244 status=success reached=14.06/14.06s runtime=59.4s
config=50 trial=778 status=success reached=14.17/14.17s runtime=66.6s
config=50 trial=312 status=success reached=14.17/14.17s runtime=71.2s
saved: /oscar/data/tdesroch/dbuyukya/AidaCarneyProject/outputs/pysindy/raw_grid/simulations/config_0050_summary.json
