## SLURM PROLOG ###############################################################
##    Job ID : 3609034
##  Job Name : lfp_grid_sim
##  Nodelist : node2304
##      CPUs : 
##  Mem/Node : 16384 MB
## Directory : /oscar/data/tdesroch/dbuyukya/AidaCarneyProject
##   Job Started : Wed Jul  1 03:06:50 PM EDT 2026
###############################################################################
[1/1] configuration=7 degree=1 lowpass=35.0
config=7 trial=4 status=success reached=14.07/14.07s runtime=5.1s
config=7 trial=1088 status=success reached=14.18/14.18s runtime=4.9s
config=7 trial=622 status=success reached=14.18/14.18s runtime=5.1s
config=7 trial=620 status=success reached=14.18/14.18s runtime=5.1s
config=7 trial=2 status=success reached=14.18/14.18s runtime=5.0s
config=7 trial=3 status=success reached=14.18/14.18s runtime=5.1s
config=7 trial=1244 status=success reached=14.07/14.07s runtime=5.1s
config=7 trial=778 status=success reached=14.18/14.18s runtime=5.1s
config=7 trial=312 status=success reached=14.18/14.18s runtime=5.0s
saved: /oscar/data/tdesroch/dbuyukya/AidaCarneyProject/outputs/pysindy/raw_grid/simulations/config_0007_summary.json
