## SLURM PROLOG ###############################################################
##    Job ID : 3609249
##  Job Name : lfp_grid_sim
##  Nodelist : node2342
##      CPUs : 
##  Mem/Node : 16384 MB
## Directory : /oscar/data/tdesroch/dbuyukya/AidaCarneyProject
##   Job Started : Wed Jul  1 03:33:28 PM EDT 2026
###############################################################################
[1/1] configuration=82 degree=3 lowpass=35.0
config=82 trial=4 status=success reached=14.08/14.08s runtime=136.2s
config=82 trial=1088 status=success reached=14.19/14.19s runtime=122.4s
config=82 trial=622 status=success reached=14.18/14.18s runtime=123.2s
config=82 trial=620 status=success reached=14.18/14.18s runtime=162.0s
config=82 trial=2 status=success reached=14.18/14.18s runtime=122.1s
config=82 trial=3 status=success reached=14.18/14.18s runtime=121.9s
config=82 trial=1244 status=success reached=14.08/14.08s runtime=122.3s
config=82 trial=778 status=success reached=14.18/14.18s runtime=124.0s
config=82 trial=312 status=success reached=14.18/14.18s runtime=126.9s
saved: /oscar/data/tdesroch/dbuyukya/AidaCarneyProject/outputs/pysindy/raw_grid/simulations/config_0082_summary.json
