## SLURM PROLOG ###############################################################
##    Job ID : 3609214
##  Job Name : lfp_grid_sim
##  Nodelist : node2334
##      CPUs : 
##  Mem/Node : 16384 MB
## Directory : /oscar/data/tdesroch/dbuyukya/AidaCarneyProject
##   Job Started : Wed Jul  1 03:28:57 PM EDT 2026
###############################################################################
[1/1] configuration=77 degree=3 lowpass=35.0
config=77 trial=4 status=success reached=14.08/14.08s runtime=28.7s
config=77 trial=1088 status=success reached=14.19/14.19s runtime=39.2s
config=77 trial=622 status=success reached=14.19/14.19s runtime=38.4s
config=77 trial=620 status=success reached=14.19/14.19s runtime=28.4s
config=77 trial=2 status=success reached=14.19/14.19s runtime=40.2s
config=77 trial=3 status=success reached=14.19/14.19s runtime=37.0s
config=77 trial=1244 status=success reached=14.08/14.08s runtime=36.4s
config=77 trial=778 status=success reached=14.19/14.19s runtime=35.2s
config=77 trial=312 status=success reached=14.19/14.19s runtime=34.8s
saved: /oscar/data/tdesroch/dbuyukya/AidaCarneyProject/outputs/pysindy/raw_grid/simulations/config_0077_summary.json
