## SLURM PROLOG ###############################################################
##    Job ID : 3609032
##  Job Name : lfp_grid_sim
##  Nodelist : node2302
##      CPUs : 
##  Mem/Node : 16384 MB
## Directory : /oscar/data/tdesroch/dbuyukya/AidaCarneyProject
##   Job Started : Wed Jul  1 03:06:49 PM EDT 2026
###############################################################################
[1/1] configuration=5 degree=1 lowpass=35.0
config=5 trial=4 status=success reached=14.08/14.08s runtime=7.0s
config=5 trial=1088 status=success reached=14.19/14.19s runtime=7.2s
config=5 trial=622 status=success reached=14.19/14.19s runtime=7.0s
config=5 trial=620 status=success reached=14.19/14.19s runtime=6.7s
config=5 trial=2 status=success reached=14.19/14.19s runtime=6.9s
config=5 trial=3 status=success reached=14.19/14.19s runtime=6.9s
config=5 trial=1244 status=success reached=14.08/14.08s runtime=6.7s
config=5 trial=778 status=success reached=14.19/14.19s runtime=6.5s
config=5 trial=312 status=success reached=14.19/14.19s runtime=6.8s
saved: /oscar/data/tdesroch/dbuyukya/AidaCarneyProject/outputs/pysindy/raw_grid/simulations/config_0005_summary.json
