## SLURM PROLOG ###############################################################
##    Job ID : 3609111
##  Job Name : lfp_grid_sim
##  Nodelist : node2351
##      CPUs : 
##  Mem/Node : 16384 MB
## Directory : /oscar/data/tdesroch/dbuyukya/AidaCarneyProject
##   Job Started : Wed Jul  1 03:17:54 PM EDT 2026
###############################################################################
[1/1] configuration=52 degree=2 lowpass=35.0
config=52 trial=4 status=success reached=14.03/14.03s runtime=46.7s
config=52 trial=1088 status=success reached=14.14/14.14s runtime=41.1s
config=52 trial=622 status=success reached=14.14/14.14s runtime=45.0s
config=52 trial=620 status=success reached=14.14/14.14s runtime=44.4s
config=52 trial=2 status=success reached=14.14/14.14s runtime=42.2s
config=52 trial=3 status=success reached=14.14/14.14s runtime=37.5s
config=52 trial=1244 status=failed reached=2.20/14.03s runtime=24.3s
config=52 trial=778 status=success reached=14.14/14.14s runtime=39.0s
config=52 trial=312 status=success reached=14.14/14.14s runtime=35.0s
saved: /oscar/data/tdesroch/dbuyukya/AidaCarneyProject/outputs/pysindy/raw_grid/simulations/config_0052_summary.json
