## SLURM PROLOG ###############################################################
##    Job ID : 3537010
##  Job Name : lfp_sindy
##  Nodelist : node2344
##      CPUs : 
##  Mem/Node : 16384 MB
## Directory : /oscar/data/tdesroch/dbuyukya/AidaCarneyProject
##   Job Started : Mon Jun 29 11:27:51 PM EDT 2026
###############################################################################
rejected lowpass=35.0 degree=1 delays=2 delay=1 threshold=0.001 psd=0.241 rmse=1.322 terms=5
rejected lowpass=35.0 degree=1 delays=2 delay=1 threshold=0.001 psd=0.236 rmse=1.335 terms=5
rejected lowpass=35.0 degree=1 delays=2 delay=1 threshold=0.001 psd=0.212 rmse=1.374 terms=6
rejected lowpass=35.0 degree=1 delays=2 delay=1 threshold=0.01 psd=0.241 rmse=1.322 terms=4
rejected lowpass=35.0 degree=1 delays=2 delay=1 threshold=0.01 psd=0.236 rmse=1.335 terms=4
rejected lowpass=35.0 degree=1 delays=2 delay=1 threshold=0.01 psd=0.212 rmse=1.374 terms=4
rejected lowpass=35.0 degree=1 delays=2 delay=1 threshold=0.05 psd=0.241 rmse=1.322 terms=4
rejected lowpass=35.0 degree=1 delays=2 delay=1 threshold=0.05 psd=0.236 rmse=1.335 terms=4
rejected lowpass=35.0 degree=1 delays=2 delay=1 threshold=0.05 psd=0.212 rmse=1.374 terms=4
rejected lowpass=35.0 degree=1 delays=2 delay=1 threshold=0.1 psd=0.241 rmse=1.322 terms=4
rejected lowpass=35.0 degree=1 delays=2 delay=1 threshold=0.1 psd=0.236 rmse=1.335 terms=4
rejected lowpass=35.0 degree=1 delays=2 delay=1 threshold=0.1 psd=0.212 rmse=1.374 terms=4
rejected lowpass=35.0 degree=1 delays=2 delay=1 threshold=0.2 psd=0.241 rmse=1.322 terms=4
rejected lowpass=35.0 degree=1 delays=2 delay=1 threshold=0.2 psd=0.236 rmse=1.335 terms=4
rejected lowpass=35.0 degree=1 delays=2 delay=1 threshold=0.2 psd=0.212 rmse=1.374 terms=4
rejected lowpass=35.0 degree=1 delays=2 delay=2 threshold=0.001 psd=0.210 rmse=1.295 terms=5
rejected lowpass=35.0 degree=1 delays=2 delay=2 threshold=0.001 psd=0.208 rmse=1.300 terms=6
rejected lowpass=35.0 degree=1 delays=2 delay=2 threshold=0.001 psd=0.188 rmse=1.361 terms=6
rejected lowpass=35.0 degree=1 delays=2 delay=2 threshold=0.01 psd=0.210 rmse=1.295 terms=4
rejected lowpass=35.0 degree=1 delays=2 delay=2 threshold=0.01 psd=0.208 rmse=1.300 terms=4
rejected lowpass=35.0 degree=1 delays=2 delay=2 threshold=0.01 psd=0.188 rmse=1.361 terms=4
rejected lowpass=35.0 degree=1 delays=2 delay=2 threshold=0.05 psd=0.210 rmse=1.295 terms=4
rejected lowpass=35.0 degree=1 delays=2 delay=2 threshold=0.05 psd=0.208 rmse=1.300 terms=4
rejected lowpass=35.0 degree=1 delays=2 delay=2 threshold=0.05 psd=0.188 rmse=1.361 terms=4
rejected lowpass=35.0 degree=1 delays=2 delay=2 threshold=0.1 psd=0.210 rmse=1.295 terms=4
rejected lowpass=35.0 degree=1 delays=2 delay=2 threshold=0.1 psd=0.208 rmse=1.300 terms=4
rejected lowpass=35.0 degree=1 delays=2 delay=2 threshold=0.1 psd=0.188 rmse=1.361 terms=4
rejected lowpass=35.0 degree=1 delays=2 delay=2 threshold=0.2 psd=0.210 rmse=1.295 terms=4
rejected lowpass=35.0 degree=1 delays=2 delay=2 threshold=0.2 psd=0.208 rmse=1.300 terms=4
rejected lowpass=35.0 degree=1 delays=2 delay=2 threshold=0.2 psd=0.188 rmse=1.361 terms=4
rejected lowpass=35.0 degree=1 delays=2 delay=5 threshold=0.001 psd=0.118 rmse=1.363 terms=6
rejected lowpass=35.0 degree=1 delays=2 delay=5 threshold=0.001 psd=0.117 rmse=1.354 terms=6
rejected lowpass=35.0 degree=1 delays=2 delay=5 threshold=0.001 psd=0.116 rmse=1.359 terms=6
rejected lowpass=35.0 degree=1 delays=2 delay=5 threshold=0.01 psd=0.118 rmse=1.363 terms=5
rejected lowpass=35.0 degree=1 delays=2 delay=5 threshold=0.01 psd=0.117 rmse=1.354 terms=5
rejected lowpass=35.0 degree=1 delays=2 delay=5 threshold=0.01 psd=0.116 rmse=1.359 terms=5
rejected lowpass=35.0 degree=1 delays=2 delay=5 threshold=0.05 psd=0.118 rmse=1.363 terms=4
rejected lowpass=35.0 degree=1 delays=2 delay=5 threshold=0.05 psd=0.117 rmse=1.354 terms=4
rejected lowpass=35.0 degree=1 delays=2 delay=5 threshold=0.05 psd=0.116 rmse=1.359 terms=4
rejected lowpass=35.0 degree=1 delays=2 delay=5 threshold=0.1 psd=0.118 rmse=1.363 terms=4
rejected lowpass=35.0 degree=1 delays=2 delay=5 threshold=0.1 psd=0.117 rmse=1.354 terms=4
rejected lowpass=35.0 degree=1 delays=2 delay=5 threshold=0.1 psd=0.116 rmse=1.359 terms=4
rejected lowpass=35.0 degree=1 delays=2 delay=5 threshold=0.2 psd=0.118 rmse=1.363 terms=4
rejected lowpass=35.0 degree=1 delays=2 delay=5 threshold=0.2 psd=0.117 rmse=1.354 terms=4
rejected lowpass=35.0 degree=1 delays=2 delay=5 threshold=0.2 psd=0.116 rmse=1.359 terms=4
rejected lowpass=35.0 degree=1 delays=4 delay=1 threshold=0.001 psd=0.116 rmse=1.426 terms=16
rejected lowpass=35.0 degree=1 delays=4 delay=1 threshold=0.001 psd=0.114 rmse=1.405 terms=16
rejected lowpass=35.0 degree=1 delays=4 delay=1 threshold=0.001 psd=0.107 rmse=1.512 terms=19
rejected lowpass=35.0 degree=1 delays=4 delay=1 threshold=0.01 psd=0.116 rmse=1.426 terms=16
rejected lowpass=35.0 degree=1 delays=4 delay=1 threshold=0.01 psd=0.114 rmse=1.493 terms=15
rejected lowpass=35.0 degree=1 delays=4 delay=1 threshold=0.01 psd=0.107 rmse=1.512 terms=16
rejected lowpass=35.0 degree=1 delays=4 delay=1 threshold=0.05 psd=0.116 rmse=1.482 terms=15
rejected lowpass=35.0 degree=1 delays=4 delay=1 threshold=0.05 psd=0.114 rmse=1.448 terms=13
rejected lowpass=35.0 degree=1 delays=4 delay=1 threshold=0.05 psd=0.107 rmse=1.512 terms=16
rejected lowpass=35.0 degree=1 delays=4 delay=1 threshold=0.1 psd=0.115 rmse=1.463 terms=12
rejected lowpass=35.0 degree=1 delays=4 delay=1 threshold=0.1 psd=0.114 rmse=1.452 terms=12
rejected lowpass=35.0 degree=1 delays=4 delay=1 threshold=0.1 psd=0.107 rmse=1.512 terms=16
rejected lowpass=35.0 degree=1 delays=4 delay=1 threshold=0.2 psd=0.115 rmse=1.463 terms=12
rejected lowpass=35.0 degree=1 delays=4 delay=1 threshold=0.2 psd=0.114 rmse=1.452 terms=12
rejected lowpass=35.0 degree=1 delays=4 delay=1 threshold=0.2 psd=0.107 rmse=1.512 terms=16
rejected lowpass=35.0 degree=1 delays=4 delay=2 threshold=0.001 psd=0.111 rmse=1.532 terms=17
rejected lowpass=35.0 degree=1 delays=4 delay=2 threshold=0.001 psd=0.112 rmse=1.540 terms=17
rejected lowpass=35.0 degree=1 delays=4 delay=2 threshold=0.001 psd=0.123 rmse=1.709 terms=17
rejected lowpass=35.0 degree=1 delays=4 delay=2 threshold=0.01 psd=0.111 rmse=1.532 terms=16
rejected lowpass=35.0 degree=1 delays=4 delay=2 threshold=0.01 psd=0.112 rmse=1.540 terms=16
rejected lowpass=35.0 degree=1 delays=4 delay=2 threshold=0.01 psd=0.123 rmse=1.709 terms=16
rejected lowpass=35.0 degree=1 delays=4 delay=2 threshold=0.05 psd=0.111 rmse=1.532 terms=16
rejected lowpass=35.0 degree=1 delays=4 delay=2 threshold=0.05 psd=0.112 rmse=1.540 terms=16
rejected lowpass=35.0 degree=1 delays=4 delay=2 threshold=0.05 psd=0.123 rmse=1.709 terms=16
rejected lowpass=35.0 degree=1 delays=4 delay=2 threshold=0.1 psd=0.111 rmse=1.532 terms=16
rejected lowpass=35.0 degree=1 delays=4 delay=2 threshold=0.1 psd=0.112 rmse=1.540 terms=16
rejected lowpass=35.0 degree=1 delays=4 delay=2 threshold=0.1 psd=0.123 rmse=1.709 terms=16
rejected lowpass=35.0 degree=1 delays=4 delay=2 threshold=0.2 psd=0.111 rmse=1.532 terms=16
rejected lowpass=35.0 degree=1 delays=4 delay=2 threshold=0.2 psd=0.112 rmse=1.540 terms=16
rejected lowpass=35.0 degree=1 delays=4 delay=2 threshold=0.2 psd=0.123 rmse=1.709 terms=16
rejected lowpass=35.0 degree=1 delays=4 delay=5 threshold=0.001 psd=0.359 rmse=1.531 terms=20
rejected lowpass=35.0 degree=1 delays=4 delay=5 threshold=0.001 psd=0.357 rmse=1.525 terms=20
rejected lowpass=35.0 degree=1 delays=4 delay=5 threshold=0.001 psd=0.330 rmse=1.552 terms=20
rejected lowpass=35.0 degree=1 delays=4 delay=5 threshold=0.01 psd=0.359 rmse=1.531 terms=17
rejected lowpass=35.0 degree=1 delays=4 delay=5 threshold=0.01 psd=0.357 rmse=1.525 terms=17
rejected lowpass=35.0 degree=1 delays=4 delay=5 threshold=0.01 psd=0.330 rmse=1.552 terms=17
rejected lowpass=35.0 degree=1 delays=4 delay=5 threshold=0.05 psd=0.359 rmse=1.531 terms=16
rejected lowpass=35.0 degree=1 delays=4 delay=5 threshold=0.05 psd=0.357 rmse=1.525 terms=16
rejected lowpass=35.0 degree=1 delays=4 delay=5 threshold=0.05 psd=0.330 rmse=1.552 terms=16
rejected lowpass=35.0 degree=1 delays=4 delay=5 threshold=0.1 psd=0.359 rmse=1.531 terms=16
rejected lowpass=35.0 degree=1 delays=4 delay=5 threshold=0.1 psd=0.357 rmse=1.525 terms=16
rejected lowpass=35.0 degree=1 delays=4 delay=5 threshold=0.1 psd=0.330 rmse=1.552 terms=16
rejected lowpass=35.0 degree=1 delays=4 delay=5 threshold=0.2 psd=0.359 rmse=1.531 terms=16
rejected lowpass=35.0 degree=1 delays=4 delay=5 threshold=0.2 psd=0.357 rmse=1.525 terms=16
rejected lowpass=35.0 degree=1 delays=4 delay=5 threshold=0.2 psd=0.330 rmse=1.552 terms=16
rejected lowpass=35.0 degree=1 delays=6 delay=1 threshold=0.001 psd=0.123 rmse=1.486 terms=36
rejected lowpass=35.0 degree=1 delays=6 delay=1 threshold=0.001 psd=0.124 rmse=1.476 terms=36
rejected lowpass=35.0 degree=1 delays=6 delay=1 threshold=0.001 psd=nan rmse=nan terms=36
rejected lowpass=35.0 degree=1 delays=6 delay=1 threshold=0.01 psd=0.123 rmse=1.486 terms=36
rejected lowpass=35.0 degree=1 delays=6 delay=1 threshold=0.01 psd=0.124 rmse=1.476 terms=36
rejected lowpass=35.0 degree=1 delays=6 delay=1 threshold=0.01 psd=nan rmse=nan terms=36
rejected lowpass=35.0 degree=1 delays=6 delay=1 threshold=0.05 psd=0.123 rmse=1.486 terms=36
rejected lowpass=35.0 degree=1 delays=6 delay=1 threshold=0.05 psd=0.124 rmse=1.476 terms=36
rejected lowpass=35.0 degree=1 delays=6 delay=1 threshold=0.05 psd=nan rmse=nan terms=36
rejected lowpass=35.0 degree=1 delays=6 delay=1 threshold=0.1 psd=0.123 rmse=1.486 terms=36
rejected lowpass=35.0 degree=1 delays=6 delay=1 threshold=0.1 psd=0.124 rmse=1.476 terms=36
rejected lowpass=35.0 degree=1 delays=6 delay=1 threshold=0.1 psd=nan rmse=nan terms=36
rejected lowpass=35.0 degree=1 delays=6 delay=1 threshold=0.2 psd=0.123 rmse=1.486 terms=36
rejected lowpass=35.0 degree=1 delays=6 delay=1 threshold=0.2 psd=0.124 rmse=1.476 terms=36
rejected lowpass=35.0 degree=1 delays=6 delay=1 threshold=0.2 psd=nan rmse=nan terms=36
rejected lowpass=35.0 degree=1 delays=6 delay=2 threshold=0.001 psd=0.162 rmse=1.565 terms=37
rejected lowpass=35.0 degree=1 delays=6 delay=2 threshold=0.001 psd=0.163 rmse=1.571 terms=38
rejected lowpass=35.0 degree=1 delays=6 delay=2 threshold=0.001 psd=0.170 rmse=1.909 terms=41
rejected lowpass=35.0 degree=1 delays=6 delay=2 threshold=0.01 psd=0.162 rmse=1.565 terms=36
rejected lowpass=35.0 degree=1 delays=6 delay=2 threshold=0.01 psd=0.163 rmse=1.571 terms=36
rejected lowpass=35.0 degree=1 delays=6 delay=2 threshold=0.01 psd=0.170 rmse=1.909 terms=36
rejected lowpass=35.0 degree=1 delays=6 delay=2 threshold=0.05 psd=0.162 rmse=1.565 terms=36
rejected lowpass=35.0 degree=1 delays=6 delay=2 threshold=0.05 psd=0.163 rmse=1.571 terms=36
rejected lowpass=35.0 degree=1 delays=6 delay=2 threshold=0.05 psd=0.170 rmse=1.909 terms=36
rejected lowpass=35.0 degree=1 delays=6 delay=2 threshold=0.1 psd=0.162 rmse=1.565 terms=36
rejected lowpass=35.0 degree=1 delays=6 delay=2 threshold=0.1 psd=0.163 rmse=1.571 terms=36
rejected lowpass=35.0 degree=1 delays=6 delay=2 threshold=0.1 psd=0.170 rmse=1.909 terms=36
rejected lowpass=35.0 degree=1 delays=6 delay=2 threshold=0.2 psd=0.162 rmse=1.565 terms=36
rejected lowpass=35.0 degree=1 delays=6 delay=2 threshold=0.2 psd=0.163 rmse=1.571 terms=36
rejected lowpass=35.0 degree=1 delays=6 delay=2 threshold=0.2 psd=0.170 rmse=1.909 terms=36
rejected lowpass=35.0 degree=1 delays=6 delay=5 threshold=0.001 psd=0.479 rmse=1.416 terms=42
rejected lowpass=35.0 degree=1 delays=6 delay=5 threshold=0.001 psd=0.475 rmse=1.412 terms=42
rejected lowpass=35.0 degree=1 delays=6 delay=5 threshold=0.001 psd=0.443 rmse=1.452 terms=42
rejected lowpass=35.0 degree=1 delays=6 delay=5 threshold=0.01 psd=0.478 rmse=1.416 terms=37
rejected lowpass=35.0 degree=1 delays=6 delay=5 threshold=0.01 psd=0.474 rmse=1.412 terms=37
rejected lowpass=35.0 degree=1 delays=6 delay=5 threshold=0.01 psd=0.443 rmse=1.452 terms=38
rejected lowpass=35.0 degree=1 delays=6 delay=5 threshold=0.05 psd=0.478 rmse=1.416 terms=36
rejected lowpass=35.0 degree=1 delays=6 delay=5 threshold=0.05 psd=0.474 rmse=1.412 terms=36
rejected lowpass=35.0 degree=1 delays=6 delay=5 threshold=0.05 psd=0.443 rmse=1.452 terms=36
rejected lowpass=35.0 degree=1 delays=6 delay=5 threshold=0.1 psd=0.478 rmse=1.416 terms=36
rejected lowpass=35.0 degree=1 delays=6 delay=5 threshold=0.1 psd=0.474 rmse=1.412 terms=36
rejected lowpass=35.0 degree=1 delays=6 delay=5 threshold=0.1 psd=0.443 rmse=1.452 terms=36
rejected lowpass=35.0 degree=1 delays=6 delay=5 threshold=0.2 psd=0.478 rmse=1.416 terms=36
rejected lowpass=35.0 degree=1 delays=6 delay=5 threshold=0.2 psd=0.474 rmse=1.412 terms=36
rejected lowpass=35.0 degree=1 delays=6 delay=5 threshold=0.2 psd=0.443 rmse=1.452 terms=36
rejected lowpass=35.0 degree=1 delays=8 delay=1 threshold=0.001 psd=0.157 rmse=1.541 terms=64
rejected lowpass=35.0 degree=1 delays=8 delay=1 threshold=0.001 psd=0.159 rmse=1.607 terms=64
rejected lowpass=35.0 degree=1 delays=8 delay=1 threshold=0.001 psd=nan rmse=nan terms=69
rejected lowpass=35.0 degree=1 delays=8 delay=1 threshold=0.01 psd=0.157 rmse=1.541 terms=64
rejected lowpass=35.0 degree=1 delays=8 delay=1 threshold=0.01 psd=0.159 rmse=1.607 terms=64
rejected lowpass=35.0 degree=1 delays=8 delay=1 threshold=0.01 psd=nan rmse=nan terms=64
rejected lowpass=35.0 degree=1 delays=8 delay=1 threshold=0.05 psd=0.157 rmse=1.541 terms=64
rejected lowpass=35.0 degree=1 delays=8 delay=1 threshold=0.05 psd=0.159 rmse=1.607 terms=64
rejected lowpass=35.0 degree=1 delays=8 delay=1 threshold=0.05 psd=nan rmse=nan terms=64
rejected lowpass=35.0 degree=1 delays=8 delay=1 threshold=0.1 psd=0.157 rmse=1.541 terms=64
rejected lowpass=35.0 degree=1 delays=8 delay=1 threshold=0.1 psd=0.159 rmse=1.607 terms=64
rejected lowpass=35.0 degree=1 delays=8 delay=1 threshold=0.1 psd=nan rmse=nan terms=64
rejected lowpass=35.0 degree=1 delays=8 delay=1 threshold=0.2 psd=0.153 rmse=2.282 terms=62
rejected lowpass=35.0 degree=1 delays=8 delay=1 threshold=0.2 psd=0.159 rmse=1.607 terms=64
rejected lowpass=35.0 degree=1 delays=8 delay=1 threshold=0.2 psd=nan rmse=nan terms=64
rejected lowpass=35.0 degree=1 delays=8 delay=2 threshold=0.001 psd=0.215 rmse=1.510 terms=65
rejected lowpass=35.0 degree=1 delays=8 delay=2 threshold=0.001 psd=0.216 rmse=1.517 terms=65
rejected lowpass=35.0 degree=1 delays=8 delay=2 threshold=0.001 psd=nan rmse=nan terms=68
rejected lowpass=35.0 degree=1 delays=8 delay=2 threshold=0.01 psd=nan rmse=nan terms=64
rejected lowpass=35.0 degree=1 delays=8 delay=2 threshold=0.01 psd=nan rmse=nan terms=64
rejected lowpass=35.0 degree=1 delays=8 delay=2 threshold=0.01 psd=0.235 rmse=1.640 terms=64
rejected lowpass=35.0 degree=1 delays=8 delay=2 threshold=0.05 psd=nan rmse=nan terms=64
rejected lowpass=35.0 degree=1 delays=8 delay=2 threshold=0.05 psd=nan rmse=nan terms=64
rejected lowpass=35.0 degree=1 delays=8 delay=2 threshold=0.05 psd=0.235 rmse=1.640 terms=64
rejected lowpass=35.0 degree=1 delays=8 delay=2 threshold=0.1 psd=nan rmse=nan terms=64
rejected lowpass=35.0 degree=1 delays=8 delay=2 threshold=0.1 psd=nan rmse=nan terms=64
rejected lowpass=35.0 degree=1 delays=8 delay=2 threshold=0.1 psd=0.235 rmse=1.640 terms=64
rejected lowpass=35.0 degree=1 delays=8 delay=2 threshold=0.2 psd=nan rmse=nan terms=64
rejected lowpass=35.0 degree=1 delays=8 delay=2 threshold=0.2 psd=nan rmse=nan terms=64
rejected lowpass=35.0 degree=1 delays=8 delay=2 threshold=0.2 psd=0.235 rmse=1.640 terms=64
rejected lowpass=35.0 degree=1 delays=8 delay=5 threshold=0.001 psd=0.553 rmse=1.403 terms=70
rejected lowpass=35.0 degree=1 delays=8 delay=5 threshold=0.001 psd=0.553 rmse=1.407 terms=70
rejected lowpass=35.0 degree=1 delays=8 delay=5 threshold=0.001 psd=0.546 rmse=1.416 terms=70
rejected lowpass=35.0 degree=1 delays=8 delay=5 threshold=0.01 psd=0.553 rmse=1.403 terms=64
rejected lowpass=35.0 degree=1 delays=8 delay=5 threshold=0.01 psd=0.553 rmse=1.407 terms=64
rejected lowpass=35.0 degree=1 delays=8 delay=5 threshold=0.01 psd=0.546 rmse=1.416 terms=64
rejected lowpass=35.0 degree=1 delays=8 delay=5 threshold=0.05 psd=0.553 rmse=1.403 terms=64
rejected lowpass=35.0 degree=1 delays=8 delay=5 threshold=0.05 psd=0.553 rmse=1.407 terms=64
rejected lowpass=35.0 degree=1 delays=8 delay=5 threshold=0.05 psd=0.546 rmse=1.416 terms=64
rejected lowpass=35.0 degree=1 delays=8 delay=5 threshold=0.1 psd=0.553 rmse=1.402 terms=62
rejected lowpass=35.0 degree=1 delays=8 delay=5 threshold=0.1 psd=0.552 rmse=1.406 terms=62
rejected lowpass=35.0 degree=1 delays=8 delay=5 threshold=0.1 psd=0.546 rmse=1.416 terms=64
rejected lowpass=35.0 degree=1 delays=8 delay=5 threshold=0.2 psd=0.553 rmse=1.402 terms=62
rejected lowpass=35.0 degree=1 delays=8 delay=5 threshold=0.2 psd=0.552 rmse=1.406 terms=62
rejected lowpass=35.0 degree=1 delays=8 delay=5 threshold=0.2 psd=0.546 rmse=1.416 terms=62
rejected lowpass=35.0 degree=2 delays=2 delay=1 threshold=0.001 psd=0.252 rmse=1.291 terms=12
rejected lowpass=35.0 degree=2 delays=2 delay=1 threshold=0.001 psd=0.247 rmse=1.300 terms=12
rejected lowpass=35.0 degree=2 delays=2 delay=1 threshold=0.001 psd=0.216 rmse=1.343 terms=12
rejected lowpass=35.0 degree=2 delays=2 delay=1 threshold=0.01 psd=0.252 rmse=1.291 terms=12
rejected lowpass=35.0 degree=2 delays=2 delay=1 threshold=0.01 psd=0.247 rmse=1.300 terms=12
rejected lowpass=35.0 degree=2 delays=2 delay=1 threshold=0.01 psd=0.216 rmse=1.343 terms=12
rejected lowpass=35.0 degree=2 delays=2 delay=1 threshold=0.05 psd=0.252 rmse=1.291 terms=12
rejected lowpass=35.0 degree=2 delays=2 delay=1 threshold=0.05 psd=0.247 rmse=1.300 terms=12
rejected lowpass=35.0 degree=2 delays=2 delay=1 threshold=0.05 psd=0.216 rmse=1.343 terms=12
rejected lowpass=35.0 degree=2 delays=2 delay=1 threshold=0.1 psd=0.252 rmse=1.291 terms=12
rejected lowpass=35.0 degree=2 delays=2 delay=1 threshold=0.1 psd=0.247 rmse=1.300 terms=12
rejected lowpass=35.0 degree=2 delays=2 delay=1 threshold=0.1 psd=0.216 rmse=1.343 terms=12
rejected lowpass=35.0 degree=2 delays=2 delay=1 threshold=0.2 psd=0.252 rmse=1.291 terms=12
rejected lowpass=35.0 degree=2 delays=2 delay=1 threshold=0.2 psd=0.247 rmse=1.300 terms=12
rejected lowpass=35.0 degree=2 delays=2 delay=1 threshold=0.2 psd=0.216 rmse=1.343 terms=12
rejected lowpass=35.0 degree=2 delays=2 delay=2 threshold=0.001 psd=0.215 rmse=1.268 terms=12
rejected lowpass=35.0 degree=2 delays=2 delay=2 threshold=0.001 psd=0.214 rmse=1.269 terms=12
rejected lowpass=35.0 degree=2 delays=2 delay=2 threshold=0.001 psd=0.195 rmse=1.341 terms=12
rejected lowpass=35.0 degree=2 delays=2 delay=2 threshold=0.01 psd=0.215 rmse=1.268 terms=12
rejected lowpass=35.0 degree=2 delays=2 delay=2 threshold=0.01 psd=0.214 rmse=1.269 terms=12
rejected lowpass=35.0 degree=2 delays=2 delay=2 threshold=0.01 psd=0.195 rmse=1.341 terms=12
rejected lowpass=35.0 degree=2 delays=2 delay=2 threshold=0.05 psd=0.215 rmse=1.268 terms=12
rejected lowpass=35.0 degree=2 delays=2 delay=2 threshold=0.05 psd=0.214 rmse=1.269 terms=12
rejected lowpass=35.0 degree=2 delays=2 delay=2 threshold=0.05 psd=0.195 rmse=1.341 terms=12
rejected lowpass=35.0 degree=2 delays=2 delay=2 threshold=0.1 psd=0.215 rmse=1.268 terms=12
rejected lowpass=35.0 degree=2 delays=2 delay=2 threshold=0.1 psd=0.214 rmse=1.269 terms=12
rejected lowpass=35.0 degree=2 delays=2 delay=2 threshold=0.1 psd=0.195 rmse=1.341 terms=12
rejected lowpass=35.0 degree=2 delays=2 delay=2 threshold=0.2 psd=0.215 rmse=1.268 terms=12
rejected lowpass=35.0 degree=2 delays=2 delay=2 threshold=0.2 psd=0.214 rmse=1.269 terms=12
rejected lowpass=35.0 degree=2 delays=2 delay=2 threshold=0.2 psd=0.195 rmse=1.341 terms=12
rejected lowpass=35.0 degree=2 delays=2 delay=5 threshold=0.001 psd=0.117 rmse=1.294 terms=12
rejected lowpass=35.0 degree=2 delays=2 delay=5 threshold=0.001 psd=0.117 rmse=1.287 terms=12
rejected lowpass=35.0 degree=2 delays=2 delay=5 threshold=0.001 psd=0.116 rmse=1.341 terms=12
rejected lowpass=35.0 degree=2 delays=2 delay=5 threshold=0.01 psd=0.117 rmse=1.294 terms=12
rejected lowpass=35.0 degree=2 delays=2 delay=5 threshold=0.01 psd=0.117 rmse=1.287 terms=12
rejected lowpass=35.0 degree=2 delays=2 delay=5 threshold=0.01 psd=0.116 rmse=1.341 terms=12
rejected lowpass=35.0 degree=2 delays=2 delay=5 threshold=0.05 psd=0.117 rmse=1.294 terms=12
rejected lowpass=35.0 degree=2 delays=2 delay=5 threshold=0.05 psd=0.117 rmse=1.287 terms=12
rejected lowpass=35.0 degree=2 delays=2 delay=5 threshold=0.05 psd=0.116 rmse=1.341 terms=12
rejected lowpass=35.0 degree=2 delays=2 delay=5 threshold=0.1 psd=0.117 rmse=1.294 terms=12
rejected lowpass=35.0 degree=2 delays=2 delay=5 threshold=0.1 psd=0.117 rmse=1.287 terms=12
rejected lowpass=35.0 degree=2 delays=2 delay=5 threshold=0.1 psd=0.116 rmse=1.341 terms=12
rejected lowpass=35.0 degree=2 delays=2 delay=5 threshold=0.2 psd=0.117 rmse=1.294 terms=12
rejected lowpass=35.0 degree=2 delays=2 delay=5 threshold=0.2 psd=0.117 rmse=1.287 terms=12
rejected lowpass=35.0 degree=2 delays=2 delay=5 threshold=0.2 psd=0.116 rmse=1.341 terms=12
rejected lowpass=35.0 degree=2 delays=4 delay=1 threshold=0.001 psd=0.113 rmse=1.463 terms=59
rejected lowpass=35.0 degree=2 delays=4 delay=1 threshold=0.001 psd=0.111 rmse=1.448 terms=59
rejected lowpass=35.0 degree=2 delays=4 delay=1 threshold=0.001 psd=0.108 rmse=1.490 terms=59
rejected lowpass=35.0 degree=2 delays=4 delay=1 threshold=0.01 psd=0.113 rmse=1.463 terms=56
rejected lowpass=35.0 degree=2 delays=4 delay=1 threshold=0.01 psd=0.112 rmse=1.530 terms=55
rejected lowpass=35.0 degree=2 delays=4 delay=1 threshold=0.01 psd=0.108 rmse=1.481 terms=57
rejected lowpass=35.0 degree=2 delays=4 delay=1 threshold=0.05 psd=0.113 rmse=1.512 terms=51
rejected lowpass=35.0 degree=2 delays=4 delay=1 threshold=0.05 psd=0.112 rmse=1.503 terms=42
rejected lowpass=35.0 degree=2 delays=4 delay=1 threshold=0.05 psd=0.108 rmse=1.481 terms=57
rejected lowpass=35.0 degree=2 delays=4 delay=1 threshold=0.1 psd=0.113 rmse=1.508 terms=34
rejected lowpass=35.0 degree=2 delays=4 delay=1 threshold=0.1 psd=0.111 rmse=1.505 terms=34
rejected lowpass=35.0 degree=2 delays=4 delay=1 threshold=0.1 psd=0.108 rmse=1.489 terms=54
rejected lowpass=35.0 degree=2 delays=4 delay=1 threshold=0.2 psd=0.113 rmse=1.508 terms=34
rejected lowpass=35.0 degree=2 delays=4 delay=1 threshold=0.2 psd=0.111 rmse=1.505 terms=34
rejected lowpass=35.0 degree=2 delays=4 delay=1 threshold=0.2 psd=0.108 rmse=1.502 terms=52
rejected lowpass=35.0 degree=2 delays=4 delay=2 threshold=0.001 psd=0.113 rmse=1.429 terms=60
rejected lowpass=35.0 degree=2 delays=4 delay=2 threshold=0.001 psd=0.114 rmse=1.431 terms=60
rejected lowpass=35.0 degree=2 delays=4 delay=2 threshold=0.001 psd=0.125 rmse=1.548 terms=60
rejected lowpass=35.0 degree=2 delays=4 delay=2 threshold=0.01 psd=0.113 rmse=1.429 terms=60
rejected lowpass=35.0 degree=2 delays=4 delay=2 threshold=0.01 psd=0.114 rmse=1.431 terms=60
rejected lowpass=35.0 degree=2 delays=4 delay=2 threshold=0.01 psd=0.125 rmse=1.548 terms=60
rejected lowpass=35.0 degree=2 delays=4 delay=2 threshold=0.05 psd=0.113 rmse=1.429 terms=60
rejected lowpass=35.0 degree=2 delays=4 delay=2 threshold=0.05 psd=0.114 rmse=1.431 terms=60
rejected lowpass=35.0 degree=2 delays=4 delay=2 threshold=0.05 psd=0.125 rmse=1.548 terms=60
rejected lowpass=35.0 degree=2 delays=4 delay=2 threshold=0.1 psd=0.113 rmse=1.429 terms=60
rejected lowpass=35.0 degree=2 delays=4 delay=2 threshold=0.1 psd=0.114 rmse=1.431 terms=60
rejected lowpass=35.0 degree=2 delays=4 delay=2 threshold=0.1 psd=0.125 rmse=1.548 terms=60
rejected lowpass=35.0 degree=2 delays=4 delay=2 threshold=0.2 psd=0.113 rmse=1.429 terms=60
rejected lowpass=35.0 degree=2 delays=4 delay=2 threshold=0.2 psd=0.114 rmse=1.431 terms=60
rejected lowpass=35.0 degree=2 delays=4 delay=2 threshold=0.2 psd=0.124 rmse=1.546 terms=58
rejected lowpass=35.0 degree=2 delays=4 delay=5 threshold=0.001 psd=nan rmse=nan terms=60
rejected lowpass=35.0 degree=2 delays=4 delay=5 threshold=0.001 psd=nan rmse=nan terms=60
rejected lowpass=35.0 degree=2 delays=4 delay=5 threshold=0.001 psd=nan rmse=nan terms=60
rejected lowpass=35.0 degree=2 delays=4 delay=5 threshold=0.01 psd=nan rmse=nan terms=60
rejected lowpass=35.0 degree=2 delays=4 delay=5 threshold=0.01 psd=nan rmse=nan terms=60
rejected lowpass=35.0 degree=2 delays=4 delay=5 threshold=0.01 psd=nan rmse=nan terms=60
rejected lowpass=35.0 degree=2 delays=4 delay=5 threshold=0.05 psd=nan rmse=nan terms=58
rejected lowpass=35.0 degree=2 delays=4 delay=5 threshold=0.05 psd=nan rmse=nan terms=60
rejected lowpass=35.0 degree=2 delays=4 delay=5 threshold=0.05 psd=nan rmse=nan terms=58
rejected lowpass=35.0 degree=2 delays=4 delay=5 threshold=0.1 psd=nan rmse=nan terms=57
rejected lowpass=35.0 degree=2 delays=4 delay=5 threshold=0.1 psd=nan rmse=nan terms=56
rejected lowpass=35.0 degree=2 delays=4 delay=5 threshold=0.1 psd=nan rmse=nan terms=58
rejected lowpass=35.0 degree=2 delays=4 delay=5 threshold=0.2 psd=nan rmse=nan terms=54
rejected lowpass=35.0 degree=2 delays=4 delay=5 threshold=0.2 psd=nan rmse=nan terms=54
rejected lowpass=35.0 degree=2 delays=4 delay=5 threshold=0.2 psd=0.331 rmse=1.564 terms=56
rejected lowpass=35.0 degree=2 delays=6 delay=1 threshold=0.001 psd=0.121 rmse=1.582 terms=167
rejected lowpass=35.0 degree=2 delays=6 delay=1 threshold=0.001 psd=0.122 rmse=1.378 terms=166
rejected lowpass=35.0 degree=2 delays=6 delay=1 threshold=0.001 psd=0.141 rmse=2.045 terms=168
rejected lowpass=35.0 degree=2 delays=6 delay=1 threshold=0.01 psd=nan rmse=nan terms=162
rejected lowpass=35.0 degree=2 delays=6 delay=1 threshold=0.01 psd=0.122 rmse=1.392 terms=162
rejected lowpass=35.0 degree=2 delays=6 delay=1 threshold=0.01 psd=nan rmse=nan terms=165
rejected lowpass=35.0 degree=2 delays=6 delay=1 threshold=0.05 psd=nan rmse=nan terms=158
rejected lowpass=35.0 degree=2 delays=6 delay=1 threshold=0.05 psd=0.122 rmse=1.486 terms=155
rejected lowpass=35.0 degree=2 delays=6 delay=1 threshold=0.05 psd=nan rmse=nan terms=162
rejected lowpass=35.0 degree=2 delays=6 delay=1 threshold=0.1 psd=0.121 rmse=1.605 terms=152
rejected lowpass=35.0 degree=2 delays=6 delay=1 threshold=0.1 psd=0.122 rmse=1.866 terms=147
rejected lowpass=35.0 degree=2 delays=6 delay=1 threshold=0.1 psd=nan rmse=nan terms=158
rejected lowpass=35.0 degree=2 delays=6 delay=1 threshold=0.2 psd=0.123 rmse=1.489 terms=113
rejected lowpass=35.0 degree=2 delays=6 delay=1 threshold=0.2 psd=nan rmse=nan terms=139
rejected lowpass=35.0 degree=2 delays=6 delay=1 threshold=0.2 psd=nan rmse=nan terms=155
rejected lowpass=35.0 degree=2 delays=6 delay=2 threshold=0.001 psd=0.152 rmse=1.588 terms=168
rejected lowpass=35.0 degree=2 delays=6 delay=2 threshold=0.001 psd=0.154 rmse=1.602 terms=168
rejected lowpass=35.0 degree=2 delays=6 delay=2 threshold=0.001 psd=nan rmse=nan terms=168
rejected lowpass=35.0 degree=2 delays=6 delay=2 threshold=0.01 psd=0.152 rmse=1.588 terms=168
rejected lowpass=35.0 degree=2 delays=6 delay=2 threshold=0.01 psd=0.154 rmse=1.602 terms=168
rejected lowpass=35.0 degree=2 delays=6 delay=2 threshold=0.01 psd=nan rmse=nan terms=168
rejected lowpass=35.0 degree=2 delays=6 delay=2 threshold=0.05 psd=0.152 rmse=1.592 terms=167
rejected lowpass=35.0 degree=2 delays=6 delay=2 threshold=0.05 psd=0.154 rmse=1.607 terms=167
rejected lowpass=35.0 degree=2 delays=6 delay=2 threshold=0.05 psd=0.172 rmse=2.035 terms=166
rejected lowpass=35.0 degree=2 delays=6 delay=2 threshold=0.1 psd=0.152 rmse=1.614 terms=165
rejected lowpass=35.0 degree=2 delays=6 delay=2 threshold=0.1 psd=0.154 rmse=1.633 terms=165
rejected lowpass=35.0 degree=2 delays=6 delay=2 threshold=0.1 psd=nan rmse=nan terms=162
rejected lowpass=35.0 degree=2 delays=6 delay=2 threshold=0.2 psd=0.152 rmse=1.593 terms=164
rejected lowpass=35.0 degree=2 delays=6 delay=2 threshold=0.2 psd=0.154 rmse=1.606 terms=164
rejected lowpass=35.0 degree=2 delays=6 delay=2 threshold=0.2 psd=nan rmse=nan terms=160
rejected lowpass=35.0 degree=2 delays=6 delay=5 threshold=0.001 psd=nan rmse=nan terms=168
rejected lowpass=35.0 degree=2 delays=6 delay=5 threshold=0.001 psd=nan rmse=nan terms=168
rejected lowpass=35.0 degree=2 delays=6 delay=5 threshold=0.001 psd=nan rmse=nan terms=168
rejected lowpass=35.0 degree=2 delays=6 delay=5 threshold=0.01 psd=nan rmse=nan terms=167
rejected lowpass=35.0 degree=2 delays=6 delay=5 threshold=0.01 psd=nan rmse=nan terms=167
rejected lowpass=35.0 degree=2 delays=6 delay=5 threshold=0.01 psd=nan rmse=nan terms=167
rejected lowpass=35.0 degree=2 delays=6 delay=5 threshold=0.05 psd=nan rmse=nan terms=164
rejected lowpass=35.0 degree=2 delays=6 delay=5 threshold=0.05 psd=nan rmse=nan terms=165
rejected lowpass=35.0 degree=2 delays=6 delay=5 threshold=0.05 psd=nan rmse=nan terms=162
rejected lowpass=35.0 degree=2 delays=6 delay=5 threshold=0.1 psd=nan rmse=nan terms=155
rejected lowpass=35.0 degree=2 delays=6 delay=5 threshold=0.1 psd=nan rmse=nan terms=156
rejected lowpass=35.0 degree=2 delays=6 delay=5 threshold=0.1 psd=nan rmse=nan terms=156
rejected lowpass=35.0 degree=2 delays=6 delay=5 threshold=0.2 psd=nan rmse=nan terms=142
rejected lowpass=35.0 degree=2 delays=6 delay=5 threshold=0.2 psd=nan rmse=nan terms=142
rejected lowpass=35.0 degree=2 delays=6 delay=5 threshold=0.2 psd=nan rmse=nan terms=142
rejected lowpass=35.0 degree=2 delays=8 delay=1 threshold=0.001 psd=nan rmse=nan terms=359
rejected lowpass=35.0 degree=2 delays=8 delay=1 threshold=0.001 psd=nan rmse=nan terms=358
rejected lowpass=35.0 degree=2 delays=8 delay=1 threshold=0.001 psd=nan rmse=nan terms=360
rejected lowpass=35.0 degree=2 delays=8 delay=1 threshold=0.01 psd=nan rmse=nan terms=349
rejected lowpass=35.0 degree=2 delays=8 delay=1 threshold=0.01 psd=nan rmse=nan terms=349
rejected lowpass=35.0 degree=2 delays=8 delay=1 threshold=0.01 psd=nan rmse=nan terms=357
rejected lowpass=35.0 degree=2 delays=8 delay=1 threshold=0.05 psd=nan rmse=nan terms=325
rejected lowpass=35.0 degree=2 delays=8 delay=1 threshold=0.05 psd=nan rmse=nan terms=337
rejected lowpass=35.0 degree=2 delays=8 delay=1 threshold=0.05 psd=nan rmse=nan terms=352
